<?xml version="1.0" encoding="UTF-8"?>
<testsuite name="Cucumber" time="72.948" tests="5" skipped="0" failures="0" errors="0">
<testcase classname="Login scenarios" name="Login with invalid user name - Example #1.1" time="13.605">
<system-out><![CDATA[
When I enter username as "invalidUsername"..................................passed
And I enter password as "secret_sauce"......................................passed
And I login.................................................................passed
Then login should fail with an error "Username and password do not match any user in this service.".passed
]]></system-out>
</testcase>
<testcase classname="Login scenarios" name="Login with invalid password - Example #1.1" time="10.417">
<system-out><![CDATA[
When I enter username as "standard_user"....................................passed
And I enter password as "invalidPassword"...................................passed
And I login.................................................................passed
Then login should fail with an error "Username and password do not match any user in this service.".passed
]]></system-out>
</testcase>
<testcase classname="Login scenarios" name="Login with valid user name and password - Example #1.1" time="10.241">
<system-out><![CDATA[
When I enter username as "standard_user"....................................passed
And I enter password as "secret_sauce"......................................passed
And I login.................................................................passed
Then I should see Products page with title "PRODUCTS".......................passed
]]></system-out>
</testcase>
<testcase classname="Product scenarios" name="Validate product info on Products page - Example #1.1" time="18.526">
<system-out><![CDATA[
Given I'm logged in.........................................................passed
Then the product is listed with title "Sauce Labs Bolt T-Shirt" and price "$15.99".passed
]]></system-out>
</testcase>
<testcase classname="Product scenarios" name="Validate product info on Products page - Example #1.2" time="15.324">
<system-out><![CDATA[
Given I'm logged in.........................................................passed
Then the product is listed with title "Sauce Labs Backpack" and price "$29.99".passed
]]></system-out>
</testcase>
</testsuite>
